Determining if the pthread_create exist failed with the following output:
Change Dir: /home/nozela/git/Learnbotics/build/CMakeFiles/CMakeTmp

Run Build Command:"/usr/bin/make" "cmTC_00e39/fast"
/usr/bin/make -f CMakeFiles/cmTC_00e39.dir/build.make CMakeFiles/cmTC_00e39.dir/build
make[1]: Entering directory '/home/nozela/git/Learnbotics/build/CMakeFiles/CMakeTmp'
Building C object CMakeFiles/cmTC_00e39.dir/CheckSymbolExists.c.o
/usr/bin/cc    -o CMakeFiles/cmTC_00e39.dir/CheckSymbolExists.c.o   -c /home/nozela/git/Learnbotics/build/CMakeFiles/CMakeTmp/CheckSymbolExists.c
Linking C executable cmTC_00e39
/usr/bin/cmake -E cmake_link_script CMakeFiles/cmTC_00e39.dir/link.txt --verbose=1
/usr/bin/cc      -rdynamic CMakeFiles/cmTC_00e39.dir/CheckSymbolExists.c.o  -o cmTC_00e39 
CMakeFiles/cmTC_00e39.dir/CheckSymbolExists.c.o: In function `main':
CheckSymbolExists.c:(.text+0x1b): undefined reference to `pthread_create'
collect2: error: ld returned 1 exit status
CMakeFiles/cmTC_00e39.dir/build.make:97: recipe for target 'cmTC_00e39' failed
make[1]: *** [cmTC_00e39] Error 1
make[1]: Leaving directory '/home/nozela/git/Learnbotics/build/CMakeFiles/CMakeTmp'
Makefile:126: recipe for target 'cmTC_00e39/fast' failed
make: *** [cmTC_00e39/fast] Error 2

File /home/nozela/git/Learnbotics/build/CMakeFiles/CMakeTmp/CheckSymbolExists.c:
/* */
#include <pthread.h>

int main(int argc, char** argv)
{
  (void)argv;
#ifndef pthread_create
  return ((int*)(&pthread_create))[argc];
#else
  (void)argc;
  return 0;
#endif
}

Determining if the function pthread_create exists in the pthreads failed with the following output:
Change Dir: /home/nozela/git/Learnbotics/build/CMakeFiles/CMakeTmp

Run Build Command:"/usr/bin/make" "cmTC_7db10/fast"
/usr/bin/make -f CMakeFiles/cmTC_7db10.dir/build.make CMakeFiles/cmTC_7db10.dir/build
make[1]: Entering directory '/home/nozela/git/Learnbotics/build/CMakeFiles/CMakeTmp'
Building C object CMakeFiles/cmTC_7db10.dir/CheckFunctionExists.c.o
/usr/bin/cc   -DCHECK_FUNCTION_EXISTS=pthread_create   -o CMakeFiles/cmTC_7db10.dir/CheckFunctionExists.c.o   -c /usr/share/cmake-3.10/Modules/CheckFunctionExists.c
Linking C executable cmTC_7db10
/usr/bin/cmake -E cmake_link_script CMakeFiles/cmTC_7db10.dir/link.txt --verbose=1
/usr/bin/cc  -DCHECK_FUNCTION_EXISTS=pthread_create    -rdynamic CMakeFiles/cmTC_7db10.dir/CheckFunctionExists.c.o  -o cmTC_7db10 -lpthreads 
/usr/bin/ld: cannot find -lpthreads
collect2: error: ld returned 1 exit status
CMakeFiles/cmTC_7db10.dir/build.make:97: recipe for target 'cmTC_7db10' failed
make[1]: *** [cmTC_7db10] Error 1
make[1]: Leaving directory '/home/nozela/git/Learnbotics/build/CMakeFiles/CMakeTmp'
Makefile:126: recipe for target 'cmTC_7db10/fast' failed
make: *** [cmTC_7db10/fast] Error 2


